<?xml version='1.0' encoding='UTF-8'?>
<testsuite hostname="WKMZT27CB4E5.global.publicisgroupe.net" name="FirstUseCaseTest" tests="2" errors="0" failures="0" skipped="0" time="0.029" timestamp="2022-08-11T15:28:49">
          <properties>
[...]
</properties>
          <testcase classname="FirstUseCaseTest" name="My add num function should add 3" time="0.028">
                      
                    </testcase><testcase classname="FirstUseCaseTest" name="My add num function should return 44" time="0.001">
                      
                    </testcase>
          <system-out><![CDATA[]]></system-out>
          <system-err><![CDATA[]]></system-err>
        </testsuite>