<?xml version="1.0"?>
<!DOCTYPE coverage SYSTEM "http://cobertura.sourceforge.net/xml/coverage-04.dtd">
<coverage 
line-rate="0.82" lines-valid="11" lines-covered="9" branches-valid="4" branches-covered="3" branch-rate="0.75" complexity="0" version="1.0" timestamp="1660211940164">
    <sources>
        <source>--source</source>
        <source>/Users/ravbatta/Documents/git/Jenkins_SBT/src/main/scala</source>
    </sources>
    <packages>
        <package name="&lt;empty&gt;" line-rate="0.82" branch-rate="0.75" complexity="0">
            <classes>
                <class name="FirstUseCase" filename="FirstUseCase.scala" line-rate="0.82" branch-rate="0.75" complexity="0">
                    <methods>
                        <method name="&lt;empty&gt;/FirstUseCase/add2Num" signature="()V" line-rate="0.82" branch-rate="0.75" complexity="0">
                            <lines>
                                <line number="9" hits="1" branch="false"/>
                                <line number="8" hits="1" branch="false"/>
                                <line number="7" hits="1" branch="false"/>
                                <line number="8" hits="1" branch="false"/>
                                <line number="8" hits="1" branch="false"/>
                                <line number="9" hits="1" branch="false"/>
                                <line number="11" hits="0" branch="false"/>
                                <line number="6" hits="1" branch="false"/>
                                <line number="11" hits="0" branch="false"/>
                                <line number="7" hits="1" branch="false"/>
                                <line number="8" hits="1" branch="false"/>
                            </lines>
                        </method>
                    </methods>
                    <lines>
                        <line number="9" hits="1" branch="false"/>
                        <line number="8" hits="1" branch="false"/>
                        <line number="7" hits="1" branch="false"/>
                        <line number="8" hits="1" branch="false"/>
                        <line number="8" hits="1" branch="false"/>
                        <line number="9" hits="1" branch="false"/>
                        <line number="11" hits="0" branch="false"/>
                        <line number="6" hits="1" branch="false"/>
                        <line number="11" hits="0" branch="false"/>
                        <line number="7" hits="1" branch="false"/>
                        <line number="8" hits="1" branch="false"/>
                    </lines>
                </class>
            </classes>
        </package>
    </packages>
</coverage>
